[0.088s] DEBUG:colcon:Command line arguments: ['/usr/bin/colcon', 'build']
[0.088s] DEBUG:colcon:Parsed command line arguments: Namespace(log_base=None, log_level=None, verb_name='build', build_base='build', install_base='install', merge_install=False, symlink_install=False, test_result_base=None, continue_on_error=False, executor='parallel', parallel_workers=20, event_handlers=None, ignore_user_meta=False, metas=['./colcon.meta'], base_paths=['.'], packages_ignore=None, packages_ignore_regex=None, paths=None, packages_up_to=None, packages_up_to_regex=None, packages_above=None, packages_above_and_dependencies=None, packages_above_depth=None, packages_select_by_dep=None, packages_skip_by_dep=None, packages_skip_up_to=None, packages_select_build_failed=False, packages_skip_build_finished=False, packages_select_test_failures=False, packages_skip_test_passed=False, packages_select=None, packages_skip=None, packages_select_regex=None, packages_skip_regex=None, packages_start=None, packages_end=None, allow_overriding=[], cmake_args=None, cmake_target=None, cmake_target_skip_unavailable=False, cmake_clean_cache=False, cmake_clean_first=False, cmake_force_configure=False, ament_cmake_args=None, catkin_cmake_args=None, catkin_skip_building_tests=False, verb_parser=<colcon_defaults.argument_parser.defaults.DefaultArgumentsDecorator object at 0x75065bf67ac0>, verb_extension=<colcon_core.verb.build.BuildVerb object at 0x75065bf67580>, main=<bound method BuildVerb.main of <colcon_core.verb.build.BuildVerb object at 0x75065bf67580>>)
[0.182s] Level 1:colcon.colcon_core.package_discovery:discover_packages(colcon_meta) check parameters
[0.182s] Level 1:colcon.colcon_core.package_discovery:discover_packages(recursive) check parameters
[0.182s] Level 1:colcon.colcon_core.package_discovery:discover_packages(ignore) check parameters
[0.182s] Level 1:colcon.colcon_core.package_discovery:discover_packages(path) check parameters
[0.182s] Level 1:colcon.colcon_core.package_discovery:discover_packages(colcon_meta) discover
[0.183s] Level 1:colcon.colcon_core.package_discovery:discover_packages(recursive) discover
[0.183s] INFO:colcon.colcon_core.package_discovery:Crawling recursively for packages in '/home/sohan-lapinamk/repos/AI.R-ATV/ros2_ws'
[0.183s] Level 1:colcon.colcon_core.package_identification:_identify(.) by extensions ['ignore', 'ignore_ament_install']
[0.183s] Level 1:colcon.colcon_core.package_identification:_identify(.) by extension 'ignore'
[0.183s] Level 1:colcon.colcon_core.package_identification:_identify(.) by extension 'ignore_ament_install'
[0.183s] Level 1:colcon.colcon_core.package_identification:_identify(.) by extensions ['colcon_pkg']
[0.183s] Level 1:colcon.colcon_core.package_identification:_identify(.) by extension 'colcon_pkg'
[0.183s] Level 1:colcon.colcon_core.package_identification:_identify(.) by extensions ['colcon_meta']
[0.183s] Level 1:colcon.colcon_core.package_identification:_identify(.) by extension 'colcon_meta'
[0.183s] Level 1:colcon.colcon_core.package_identification:_identify(.) by extensions ['ros']
[0.183s] Level 1:colcon.colcon_core.package_identification:_identify(.) by extension 'ros'
[0.196s] Level 1:colcon.colcon_core.package_identification:_identify(.) by extensions ['cmake', 'python']
[0.196s] Level 1:colcon.colcon_core.package_identification:_identify(.) by extension 'cmake'
[0.196s] Level 1:colcon.colcon_core.package_identification:_identify(.) by extension 'python'
[0.196s] Level 1:colcon.colcon_core.package_identification:_identify(.) by extensions ['python_setup_py']
[0.196s] Level 1:colcon.colcon_core.package_identification:_identify(.) by extension 'python_setup_py'
[0.196s] Level 1:colcon.colcon_core.package_identification:_identify(build) by extensions ['ignore', 'ignore_ament_install']
[0.196s] Level 1:colcon.colcon_core.package_identification:_identify(build) by extension 'ignore'
[0.196s] Level 1:colcon.colcon_core.package_identification:_identify(build) ignored
[0.196s] Level 1:colcon.colcon_core.package_identification:_identify(install) by extensions ['ignore', 'ignore_ament_install']
[0.196s] Level 1:colcon.colcon_core.package_identification:_identify(install) by extension 'ignore'
[0.196s] Level 1:colcon.colcon_core.package_identification:_identify(install) ignored
[0.196s] Level 1:colcon.colcon_core.package_identification:_identify(log) by extensions ['ignore', 'ignore_ament_install']
[0.196s] Level 1:colcon.colcon_core.package_identification:_identify(log) by extension 'ignore'
[0.196s] Level 1:colcon.colcon_core.package_identification:_identify(log) ignored
[0.196s] Level 1:colcon.colcon_core.package_identification:_identify(src) by extensions ['ignore', 'ignore_ament_install']
[0.196s] Level 1:colcon.colcon_core.package_identification:_identify(src) by extension 'ignore'
[0.196s] Level 1:colcon.colcon_core.package_identification:_identify(src) by extension 'ignore_ament_install'
[0.196s] Level 1:colcon.colcon_core.package_identification:_identify(src) by extensions ['colcon_pkg']
[0.196s] Level 1:colcon.colcon_core.package_identification:_identify(src) by extension 'colcon_pkg'
[0.196s] Level 1:colcon.colcon_core.package_identification:_identify(src) by extensions ['colcon_meta']
[0.196s] Level 1:colcon.colcon_core.package_identification:_identify(src) by extension 'colcon_meta'
[0.196s] Level 1:colcon.colcon_core.package_identification:_identify(src) by extensions ['ros']
[0.196s] Level 1:colcon.colcon_core.package_identification:_identify(src) by extension 'ros'
[0.196s] Level 1:colcon.colcon_core.package_identification:_identify(src) by extensions ['cmake', 'python']
[0.196s] Level 1:colcon.colcon_core.package_identification:_identify(src) by extension 'cmake'
[0.196s] Level 1:colcon.colcon_core.package_identification:_identify(src) by extension 'python'
[0.196s] Level 1:colcon.colcon_core.package_identification:_identify(src) by extensions ['python_setup_py']
[0.196s] Level 1:colcon.colcon_core.package_identification:_identify(src) by extension 'python_setup_py'
[0.197s] Level 1:colcon.colcon_core.package_identification:_identify(src/esp32_microros_controller) by extensions ['ignore', 'ignore_ament_install']
[0.197s] Level 1:colcon.colcon_core.package_identification:_identify(src/esp32_microros_controller) by extension 'ignore'
[0.197s] Level 1:colcon.colcon_core.package_identification:_identify(src/esp32_microros_controller) by extension 'ignore_ament_install'
[0.197s] Level 1:colcon.colcon_core.package_identification:_identify(src/esp32_microros_controller) by extensions ['colcon_pkg']
[0.197s] Level 1:colcon.colcon_core.package_identification:_identify(src/esp32_microros_controller) by extension 'colcon_pkg'
[0.197s] Level 1:colcon.colcon_core.package_identification:_identify(src/esp32_microros_controller) by extensions ['colcon_meta']
[0.197s] Level 1:colcon.colcon_core.package_identification:_identify(src/esp32_microros_controller) by extension 'colcon_meta'
[0.197s] Level 1:colcon.colcon_core.package_identification:_identify(src/esp32_microros_controller) by extensions ['ros']
[0.197s] Level 1:colcon.colcon_core.package_identification:_identify(src/esp32_microros_controller) by extension 'ros'
[0.198s] DEBUG:colcon.colcon_core.package_identification:Package 'src/esp32_microros_controller' with type 'ros.ament_python' and name 'esp32_microros_controller'
[0.199s] Level 1:colcon.colcon_core.package_discovery:discover_packages(recursive) using defaults
[0.199s] Level 1:colcon.colcon_core.package_discovery:discover_packages(ignore) discover
[0.199s] Level 1:colcon.colcon_core.package_discovery:discover_packages(ignore) using defaults
[0.199s] Level 1:colcon.colcon_core.package_discovery:discover_packages(path) discover
[0.199s] Level 1:colcon.colcon_core.package_discovery:discover_packages(path) using defaults
[0.215s] Level 1:colcon.colcon_core.package_discovery:discover_packages(prefix_path) check parameters
[0.215s] Level 1:colcon.colcon_core.package_discovery:discover_packages(prefix_path) discover
[0.217s] DEBUG:colcon.colcon_installed_package_information.package_discovery:Found 1 installed packages in /home/sohan-lapinamk/repos/AI.R-ATV/ros2_ws/install
[0.218s] DEBUG:colcon.colcon_installed_package_information.package_discovery:Found 273 installed packages in /opt/ros/humble
[0.219s] Level 1:colcon.colcon_core.package_discovery:discover_packages(prefix_path) using defaults
[0.241s] Level 5:colcon.colcon_core.verb:set package 'esp32_microros_controller' build argument 'cmake_args' from command line to 'None'
[0.241s] Level 5:colcon.colcon_core.verb:set package 'esp32_microros_controller' build argument 'cmake_target' from command line to 'None'
[0.241s] Level 5:colcon.colcon_core.verb:set package 'esp32_microros_controller' build argument 'cmake_target_skip_unavailable' from command line to 'False'
[0.241s] Level 5:colcon.colcon_core.verb:set package 'esp32_microros_controller' build argument 'cmake_clean_cache' from command line to 'False'
[0.241s] Level 5:colcon.colcon_core.verb:set package 'esp32_microros_controller' build argument 'cmake_clean_first' from command line to 'False'
[0.241s] Level 5:colcon.colcon_core.verb:set package 'esp32_microros_controller' build argument 'cmake_force_configure' from command line to 'False'
[0.241s] Level 5:colcon.colcon_core.verb:set package 'esp32_microros_controller' build argument 'ament_cmake_args' from command line to 'None'
[0.241s] Level 5:colcon.colcon_core.verb:set package 'esp32_microros_controller' build argument 'catkin_cmake_args' from command line to 'None'
[0.241s] Level 5:colcon.colcon_core.verb:set package 'esp32_microros_controller' build argument 'catkin_skip_building_tests' from command line to 'False'
[0.241s] DEBUG:colcon.colcon_core.verb:Building package 'esp32_microros_controller' with the following arguments: {'ament_cmake_args': None, 'build_base': '/home/sohan-lapinamk/repos/AI.R-ATV/ros2_ws/build/esp32_microros_controller', 'catkin_cmake_args': None, 'catkin_skip_building_tests': False, 'cmake_args': None, 'cmake_clean_cache': False, 'cmake_clean_first': False, 'cmake_force_configure': False, 'cmake_target': None, 'cmake_target_skip_unavailable': False, 'install_base': '/home/sohan-lapinamk/repos/AI.R-ATV/ros2_ws/install/esp32_microros_controller', 'merge_install': False, 'path': '/home/sohan-lapinamk/repos/AI.R-ATV/ros2_ws/src/esp32_microros_controller', 'symlink_install': False, 'test_result_base': None}
[0.241s] INFO:colcon.colcon_core.executor:Executing jobs using 'parallel' executor
[0.242s] DEBUG:colcon.colcon_parallel_executor.executor.parallel:run_until_complete
[0.242s] INFO:colcon.colcon_ros.task.ament_python.build:Building ROS package in '/home/sohan-lapinamk/repos/AI.R-ATV/ros2_ws/src/esp32_microros_controller' with build type 'ament_python'
[0.242s] Level 1:colcon.colcon_core.shell:create_environment_hook('esp32_microros_controller', 'ament_prefix_path')
[0.246s] INFO:colcon.colcon_core.plugin_system:Skipping extension 'colcon_core.shell.bat': Not used on non-Windows systems
[0.246s] INFO:colcon.colcon_core.shell:Creating environment hook '/home/sohan-lapinamk/repos/AI.R-ATV/ros2_ws/install/esp32_microros_controller/share/esp32_microros_controller/hook/ament_prefix_path.ps1'
[0.246s] INFO:colcon.colcon_core.shell:Creating environment descriptor '/home/sohan-lapinamk/repos/AI.R-ATV/ros2_ws/install/esp32_microros_controller/share/esp32_microros_controller/hook/ament_prefix_path.dsv'
[0.247s] INFO:colcon.colcon_core.shell:Creating environment hook '/home/sohan-lapinamk/repos/AI.R-ATV/ros2_ws/install/esp32_microros_controller/share/esp32_microros_controller/hook/ament_prefix_path.sh'
[0.248s] INFO:colcon.colcon_core.shell:Skip shell extension 'powershell' for command environment: Not usable outside of PowerShell
[0.248s] DEBUG:colcon.colcon_core.shell:Skip shell extension 'dsv' for command environment
[0.411s] INFO:colcon.colcon_core.task.python.build:Building Python package in '/home/sohan-lapinamk/repos/AI.R-ATV/ros2_ws/src/esp32_microros_controller'
[0.412s] INFO:colcon.colcon_core.shell:Skip shell extension 'powershell' for command environment: Not usable outside of PowerShell
[0.412s] DEBUG:colcon.colcon_core.shell:Skip shell extension 'dsv' for command environment
[0.645s] DEBUG:colcon.colcon_core.event_handler.log_command:Invoking command in '/home/sohan-lapinamk/repos/AI.R-ATV/ros2_ws/src/esp32_microros_controller': PYTHONPATH=/home/sohan-lapinamk/repos/AI.R-ATV/ros2_ws/build/esp32_microros_controller/prefix_override:/home/sohan-lapinamk/repos/AI.R-ATV/ros2_ws/install/esp32_microros_controller/lib/python3.10/site-packages:${PYTHONPATH} /usr/bin/python3 -W ignore:setup.py install is deprecated setup.py egg_info --egg-base ../../build/esp32_microros_controller build --build-base /home/sohan-lapinamk/repos/AI.R-ATV/ros2_ws/build/esp32_microros_controller/build install --record /home/sohan-lapinamk/repos/AI.R-ATV/ros2_ws/build/esp32_microros_controller/install.log --single-version-externally-managed install_data
[0.827s] DEBUG:colcon.colcon_core.event_handler.log_command:Invoked command in '/home/sohan-lapinamk/repos/AI.R-ATV/ros2_ws/src/esp32_microros_controller' returned '0': PYTHONPATH=/home/sohan-lapinamk/repos/AI.R-ATV/ros2_ws/build/esp32_microros_controller/prefix_override:/home/sohan-lapinamk/repos/AI.R-ATV/ros2_ws/install/esp32_microros_controller/lib/python3.10/site-packages:${PYTHONPATH} /usr/bin/python3 -W ignore:setup.py install is deprecated setup.py egg_info --egg-base ../../build/esp32_microros_controller build --build-base /home/sohan-lapinamk/repos/AI.R-ATV/ros2_ws/build/esp32_microros_controller/build install --record /home/sohan-lapinamk/repos/AI.R-ATV/ros2_ws/build/esp32_microros_controller/install.log --single-version-externally-managed install_data
[0.831s] Level 1:colcon.colcon_core.environment:checking '/home/sohan-lapinamk/repos/AI.R-ATV/ros2_ws/install/esp32_microros_controller' for CMake module files
[0.832s] Level 1:colcon.colcon_core.environment:checking '/home/sohan-lapinamk/repos/AI.R-ATV/ros2_ws/install/esp32_microros_controller' for CMake config files
[0.832s] Level 1:colcon.colcon_core.environment:checking '/home/sohan-lapinamk/repos/AI.R-ATV/ros2_ws/install/esp32_microros_controller/lib'
[0.832s] Level 1:colcon.colcon_core.environment:checking '/home/sohan-lapinamk/repos/AI.R-ATV/ros2_ws/install/esp32_microros_controller/bin'
[0.832s] Level 1:colcon.colcon_core.environment:checking '/home/sohan-lapinamk/repos/AI.R-ATV/ros2_ws/install/esp32_microros_controller/lib/pkgconfig/esp32_microros_controller.pc'
[0.832s] Level 1:colcon.colcon_core.environment:checking '/home/sohan-lapinamk/repos/AI.R-ATV/ros2_ws/install/esp32_microros_controller/lib/python3.10/site-packages'
[0.832s] Level 1:colcon.colcon_core.shell:create_environment_hook('esp32_microros_controller', 'pythonpath')
[0.832s] INFO:colcon.colcon_core.shell:Creating environment hook '/home/sohan-lapinamk/repos/AI.R-ATV/ros2_ws/install/esp32_microros_controller/share/esp32_microros_controller/hook/pythonpath.ps1'
[0.833s] INFO:colcon.colcon_core.shell:Creating environment descriptor '/home/sohan-lapinamk/repos/AI.R-ATV/ros2_ws/install/esp32_microros_controller/share/esp32_microros_controller/hook/pythonpath.dsv'
[0.833s] INFO:colcon.colcon_core.shell:Creating environment hook '/home/sohan-lapinamk/repos/AI.R-ATV/ros2_ws/install/esp32_microros_controller/share/esp32_microros_controller/hook/pythonpath.sh'
[0.833s] Level 1:colcon.colcon_core.environment:checking '/home/sohan-lapinamk/repos/AI.R-ATV/ros2_ws/install/esp32_microros_controller/bin'
[0.833s] Level 1:colcon.colcon_core.environment:create_environment_scripts_only(esp32_microros_controller)
[0.834s] INFO:colcon.colcon_core.shell:Creating package script '/home/sohan-lapinamk/repos/AI.R-ATV/ros2_ws/install/esp32_microros_controller/share/esp32_microros_controller/package.ps1'
[0.834s] INFO:colcon.colcon_core.shell:Creating package descriptor '/home/sohan-lapinamk/repos/AI.R-ATV/ros2_ws/install/esp32_microros_controller/share/esp32_microros_controller/package.dsv'
[0.835s] INFO:colcon.colcon_core.shell:Creating package script '/home/sohan-lapinamk/repos/AI.R-ATV/ros2_ws/install/esp32_microros_controller/share/esp32_microros_controller/package.sh'
[0.835s] INFO:colcon.colcon_core.shell:Creating package script '/home/sohan-lapinamk/repos/AI.R-ATV/ros2_ws/install/esp32_microros_controller/share/esp32_microros_controller/package.bash'
[0.836s] INFO:colcon.colcon_core.shell:Creating package script '/home/sohan-lapinamk/repos/AI.R-ATV/ros2_ws/install/esp32_microros_controller/share/esp32_microros_controller/package.zsh'
[0.836s] Level 1:colcon.colcon_core.environment:create_file_with_runtime_dependencies(/home/sohan-lapinamk/repos/AI.R-ATV/ros2_ws/install/esp32_microros_controller/share/colcon-core/packages/esp32_microros_controller)
[0.836s] DEBUG:colcon.colcon_parallel_executor.executor.parallel:closing loop
[0.836s] DEBUG:colcon.colcon_parallel_executor.executor.parallel:loop closed
[0.836s] DEBUG:colcon.colcon_parallel_executor.executor.parallel:run_until_complete finished with '0'
[0.837s] DEBUG:colcon.colcon_core.event_reactor:joining thread
[0.846s] INFO:colcon.colcon_core.plugin_system:Skipping extension 'colcon_notification.desktop_notification.terminal_notifier': Not used on non-Darwin systems
[0.846s] INFO:colcon.colcon_core.plugin_system:Skipping extension 'colcon_notification.desktop_notification.win32': Not used on non-Windows systems
[0.846s] INFO:colcon.colcon_notification.desktop_notification:Sending desktop notification using 'notify2'
[0.856s] DEBUG:colcon.colcon_core.event_reactor:joined thread
[0.856s] INFO:colcon.colcon_core.shell:Creating prefix script '/home/sohan-lapinamk/repos/AI.R-ATV/ros2_ws/install/local_setup.ps1'
[0.857s] INFO:colcon.colcon_core.shell:Creating prefix util module '/home/sohan-lapinamk/repos/AI.R-ATV/ros2_ws/install/_local_setup_util_ps1.py'
[0.858s] INFO:colcon.colcon_core.shell:Creating prefix chain script '/home/sohan-lapinamk/repos/AI.R-ATV/ros2_ws/install/setup.ps1'
[0.859s] INFO:colcon.colcon_core.shell:Creating prefix script '/home/sohan-lapinamk/repos/AI.R-ATV/ros2_ws/install/local_setup.sh'
[0.859s] INFO:colcon.colcon_core.shell:Creating prefix util module '/home/sohan-lapinamk/repos/AI.R-ATV/ros2_ws/install/_local_setup_util_sh.py'
[0.860s] INFO:colcon.colcon_core.shell:Creating prefix chain script '/home/sohan-lapinamk/repos/AI.R-ATV/ros2_ws/install/setup.sh'
[0.861s] INFO:colcon.colcon_core.shell:Creating prefix script '/home/sohan-lapinamk/repos/AI.R-ATV/ros2_ws/install/local_setup.bash'
[0.861s] INFO:colcon.colcon_core.shell:Creating prefix chain script '/home/sohan-lapinamk/repos/AI.R-ATV/ros2_ws/install/setup.bash'
[0.862s] INFO:colcon.colcon_core.shell:Creating prefix script '/home/sohan-lapinamk/repos/AI.R-ATV/ros2_ws/install/local_setup.zsh'
[0.862s] INFO:colcon.colcon_core.shell:Creating prefix chain script '/home/sohan-lapinamk/repos/AI.R-ATV/ros2_ws/install/setup.zsh'
